{"C:\\Users\\kevin\\Documents\\GitHub - CLONE FROM THIS FOLDER\\Maple-Street\\Garage-App\\services\\appwrite.ts": {"path":"C:\\Users\\kevin\\Documents\\GitHub - CLONE FROM THIS FOLDER\\Maple-Street\\Garage-App\\services\\appwrite.ts","statementMap":{"0":{"start":{"line":3,"column":15},"end":{"line":5,"column":null}},"1":{"start":{"line":7,"column":23},"end":{"line":7,"column":null}},"2":{"start":{"line":8,"column":25},"end":{"line":8,"column":null}},"3":{"start":{"line":9,"column":23},"end":{"line":9,"column":null}},"4":{"start":{"line":10,"column":25},"end":{"line":10,"column":null}},"5":{"start":{"line":13,"column":32},"end":{"line":13,"column":null}},"6":{"start":{"line":14,"column":36},"end":{"line":14,"column":null}},"7":{"start":{"line":15,"column":35},"end":{"line":15,"column":null}},"8":{"start":{"line":18,"column":28},"end":{"line":18,"column":null}},"9":{"start":{"line":19,"column":35},"end":{"line":19,"column":null}},"10":{"start":{"line":20,"column":36},"end":{"line":20,"column":null}},"11":{"start":{"line":21,"column":33},"end":{"line":21,"column":null}},"12":{"start":{"line":22,"column":36},"end":{"line":22,"column":null}}},"fnMap":{},"branchMap":{},"s":{"0":5,"1":5,"2":5,"3":5,"4":5,"5":5,"6":5,"7":5,"8":5,"9":5,"10":5,"11":5,"12":5},"f":{},"b":{},"meta":{"lastBranch":0,"lastFunction":0,"lastStatement":13,"seen":{"s:3:15:5:Infinity":0,"s:7:23:7:Infinity":1,"s:8:25:8:Infinity":2,"s:9:23:9:Infinity":3,"s:10:25:10:Infinity":4,"s:13:32:13:Infinity":5,"s:14:36:14:Infinity":6,"s:15:35:15:Infinity":7,"s:18:28:18:Infinity":8,"s:19:35:19:Infinity":9,"s:20:36:20:Infinity":10,"s:21:33:21:Infinity":11,"s:22:36:22:Infinity":12}}}
,"C:\\Users\\kevin\\Documents\\GitHub - CLONE FROM THIS FOLDER\\Maple-Street\\Garage-App\\src\\assets\\hero_maple_street.png": {"path":"C:\\Users\\kevin\\Documents\\GitHub - CLONE FROM THIS FOLDER\\Maple-Street\\Garage-App\\src\\assets\\hero_maple_street.png","statementMap":{},"fnMap":{},"branchMap":{},"s":{},"f":{},"b":{},"meta":{"lastBranch":0,"lastFunction":0,"lastStatement":0,"seen":{}}}
,"C:\\Users\\kevin\\Documents\\GitHub - CLONE FROM THIS FOLDER\\Maple-Street\\Garage-App\\src\\assets\\service_battery.png": {"path":"C:\\Users\\kevin\\Documents\\GitHub - CLONE FROM THIS FOLDER\\Maple-Street\\Garage-App\\src\\assets\\service_battery.png","statementMap":{},"fnMap":{},"branchMap":{},"s":{},"f":{},"b":{},"meta":{"lastBranch":0,"lastFunction":0,"lastStatement":0,"seen":{}}}
,"C:\\Users\\kevin\\Documents\\GitHub - CLONE FROM THIS FOLDER\\Maple-Street\\Garage-App\\src\\assets\\service_brakes.png": {"path":"C:\\Users\\kevin\\Documents\\GitHub - CLONE FROM THIS FOLDER\\Maple-Street\\Garage-App\\src\\assets\\service_brakes.png","statementMap":{},"fnMap":{},"branchMap":{},"s":{},"f":{},"b":{},"meta":{"lastBranch":0,"lastFunction":0,"lastStatement":0,"seen":{}}}
,"C:\\Users\\kevin\\Documents\\GitHub - CLONE FROM THIS FOLDER\\Maple-Street\\Garage-App\\src\\assets\\service_engine.png": {"path":"C:\\Users\\kevin\\Documents\\GitHub - CLONE FROM THIS FOLDER\\Maple-Street\\Garage-App\\src\\assets\\service_engine.png","statementMap":{},"fnMap":{},"branchMap":{},"s":{},"f":{},"b":{},"meta":{"lastBranch":0,"lastFunction":0,"lastStatement":0,"seen":{}}}
,"C:\\Users\\kevin\\Documents\\GitHub - CLONE FROM THIS FOLDER\\Maple-Street\\Garage-App\\src\\assets\\service_oil_change.png": {"path":"C:\\Users\\kevin\\Documents\\GitHub - CLONE FROM THIS FOLDER\\Maple-Street\\Garage-App\\src\\assets\\service_oil_change.png","statementMap":{},"fnMap":{},"branchMap":{},"s":{},"f":{},"b":{},"meta":{"lastBranch":0,"lastFunction":0,"lastStatement":0,"seen":{}}}
,"C:\\Users\\kevin\\Documents\\GitHub - CLONE FROM THIS FOLDER\\Maple-Street\\Garage-App\\src\\assets\\service_suspension.png": {"path":"C:\\Users\\kevin\\Documents\\GitHub - CLONE FROM THIS FOLDER\\Maple-Street\\Garage-App\\src\\assets\\service_suspension.png","statementMap":{},"fnMap":{},"branchMap":{},"s":{},"f":{},"b":{},"meta":{"lastBranch":0,"lastFunction":0,"lastStatement":0,"seen":{}}}
,"C:\\Users\\kevin\\Documents\\GitHub - CLONE FROM THIS FOLDER\\Maple-Street\\Garage-App\\src\\assets\\service_tires.png": {"path":"C:\\Users\\kevin\\Documents\\GitHub - CLONE FROM THIS FOLDER\\Maple-Street\\Garage-App\\src\\assets\\service_tires.png","statementMap":{},"fnMap":{},"branchMap":{},"s":{},"f":{},"b":{},"meta":{"lastBranch":0,"lastFunction":0,"lastStatement":0,"seen":{}}}
,"C:\\Users\\kevin\\Documents\\GitHub - CLONE FROM THIS FOLDER\\Maple-Street\\Garage-App\\src\\components\\BookingForm.tsx": {"path":"C:\\Users\\kevin\\Documents\\GitHub - CLONE FROM THIS FOLDER\\Maple-Street\\Garage-App\\src\\components\\BookingForm.tsx","statementMap":{"0":{"start":{"line":5,"column":20},"end":{"line":318,"column":null}},"1":{"start":{"line":6,"column":24},"end":{"line":6,"column":null}},"2":{"start":{"line":7,"column":8},"end":{"line":7,"column":null}},"3":{"start":{"line":10,"column":36},"end":{"line":10,"column":null}},"4":{"start":{"line":12,"column":36},"end":{"line":12,"column":null}},"5":{"start":{"line":13,"column":50},"end":{"line":13,"column":null}},"6":{"start":{"line":14,"column":36},"end":{"line":14,"column":null}},"7":{"start":{"line":15,"column":38},"end":{"line":15,"column":null}},"8":{"start":{"line":16,"column":36},"end":{"line":16,"column":null}},"9":{"start":{"line":17,"column":36},"end":{"line":17,"column":null}},"10":{"start":{"line":18,"column":36},"end":{"line":18,"column":null}},"11":{"start":{"line":20,"column":24},"end":{"line":20,"column":null}},"12":{"start":{"line":21,"column":38},"end":{"line":21,"column":null}},"13":{"start":{"line":23,"column":16},"end":{"line":23,"column":null}},"14":{"start":{"line":25,"column":21},"end":{"line":45,"column":null}},"15":{"start":{"line":26,"column":4},"end":{"line":26,"column":null}},"16":{"start":{"line":28,"column":4},"end":{"line":43,"column":null}},"17":{"start":{"line":29,"column":6},"end":{"line":32,"column":null}},"18":{"start":{"line":30,"column":8},"end":{"line":30,"column":null}},"19":{"start":{"line":31,"column":8},"end":{"line":31,"column":null}},"20":{"start":{"line":33,"column":4},"end":{"line":43,"column":null}},"21":{"start":{"line":34,"column":6},"end":{"line":37,"column":null}},"22":{"start":{"line":35,"column":8},"end":{"line":35,"column":null}},"23":{"start":{"line":36,"column":8},"end":{"line":36,"column":null}},"24":{"start":{"line":38,"column":4},"end":{"line":43,"column":null}},"25":{"start":{"line":39,"column":6},"end":{"line":42,"column":null}},"26":{"start":{"line":40,"column":8},"end":{"line":40,"column":null}},"27":{"start":{"line":41,"column":8},"end":{"line":41,"column":null}},"28":{"start":{"line":44,"column":4},"end":{"line":44,"column":null}},"29":{"start":{"line":44,"column":29},"end":{"line":44,"column":37}},"30":{"start":{"line":47,"column":21},"end":{"line":50,"column":null}},"31":{"start":{"line":48,"column":4},"end":{"line":48,"column":null}},"32":{"start":{"line":49,"column":4},"end":{"line":49,"column":null}},"33":{"start":{"line":49,"column":29},"end":{"line":49,"column":37}},"34":{"start":{"line":52,"column":23},"end":{"line":78,"column":null}},"35":{"start":{"line":53,"column":4},"end":{"line":53,"column":null}},"36":{"start":{"line":54,"column":4},"end":{"line":54,"column":null}},"37":{"start":{"line":56,"column":4},"end":{"line":77,"column":null}},"38":{"start":{"line":57,"column":6},"end":{"line":66,"column":null}},"39":{"start":{"line":68,"column":6},"end":{"line":72,"column":null}},"40":{"start":{"line":74,"column":6},"end":{"line":74,"column":null}},"41":{"start":{"line":75,"column":6},"end":{"line":75,"column":null}},"42":{"start":{"line":76,"column":6},"end":{"line":76,"column":null}},"43":{"start":{"line":81,"column":21},"end":{"line":88,"column":null}},"44":{"start":{"line":90,"column":21},"end":{"line":96,"column":null}},"45":{"start":{"line":98,"column":2},"end":{"line":316,"column":null}},"46":{"start":{"line":107,"column":14},"end":{"line":127,"column":null}},"47":{"start":{"line":146,"column":35},"end":{"line":146,"column":null}},"48":{"start":{"line":157,"column":37},"end":{"line":157,"column":null}},"49":{"start":{"line":167,"column":37},"end":{"line":167,"column":null}},"50":{"start":{"line":179,"column":35},"end":{"line":179,"column":null}},"51":{"start":{"line":193,"column":18},"end":{"line":209,"column":null}},"52":{"start":{"line":195,"column":35},"end":{"line":195,"column":null}},"53":{"start":{"line":217,"column":35},"end":{"line":217,"column":null}},"54":{"start":{"line":234,"column":35},"end":{"line":234,"column":null}},"55":{"start":{"line":245,"column":35},"end":{"line":245,"column":null}},"56":{"start":{"line":299,"column":65},"end":{"line":299,"column":96}}},"fnMap":{"0":{"name":"(anonymous_0)","decl":{"start":{"line":5,"column":20},"end":{"line":5,"column":21}},"loc":{"start":{"line":5,"column":64},"end":{"line":318,"column":null}},"line":5},"1":{"name":"(anonymous_1)","decl":{"start":{"line":25,"column":21},"end":{"line":25,"column":27}},"loc":{"start":{"line":25,"column":27},"end":{"line":45,"column":null}},"line":25},"2":{"name":"(anonymous_2)","decl":{"start":{"line":44,"column":19},"end":{"line":44,"column":20}},"loc":{"start":{"line":44,"column":29},"end":{"line":44,"column":37}},"line":44},"3":{"name":"(anonymous_3)","decl":{"start":{"line":47,"column":21},"end":{"line":47,"column":27}},"loc":{"start":{"line":47,"column":27},"end":{"line":50,"column":null}},"line":47},"4":{"name":"(anonymous_4)","decl":{"start":{"line":49,"column":19},"end":{"line":49,"column":20}},"loc":{"start":{"line":49,"column":29},"end":{"line":49,"column":37}},"line":49},"5":{"name":"(anonymous_5)","decl":{"start":{"line":52,"column":23},"end":{"line":52,"column":35}},"loc":{"start":{"line":52,"column":35},"end":{"line":78,"column":null}},"line":52},"6":{"name":"(anonymous_6)","decl":{"start":{"line":106,"column":23},"end":{"line":106,"column":24}},"loc":{"start":{"line":107,"column":14},"end":{"line":127,"column":null}},"line":107},"7":{"name":"(anonymous_7)","decl":{"start":{"line":146,"column":28},"end":{"line":146,"column":29}},"loc":{"start":{"line":146,"column":35},"end":{"line":146,"column":null}},"line":146},"8":{"name":"(anonymous_8)","decl":{"start":{"line":157,"column":30},"end":{"line":157,"column":31}},"loc":{"start":{"line":157,"column":37},"end":{"line":157,"column":null}},"line":157},"9":{"name":"(anonymous_9)","decl":{"start":{"line":167,"column":30},"end":{"line":167,"column":31}},"loc":{"start":{"line":167,"column":37},"end":{"line":167,"column":null}},"line":167},"10":{"name":"(anonymous_10)","decl":{"start":{"line":179,"column":28},"end":{"line":179,"column":29}},"loc":{"start":{"line":179,"column":35},"end":{"line":179,"column":null}},"line":179},"11":{"name":"(anonymous_11)","decl":{"start":{"line":192,"column":110},"end":{"line":192,"column":111}},"loc":{"start":{"line":193,"column":18},"end":{"line":209,"column":null}},"line":193},"12":{"name":"(anonymous_12)","decl":{"start":{"line":195,"column":29},"end":{"line":195,"column":35}},"loc":{"start":{"line":195,"column":35},"end":{"line":195,"column":null}},"line":195},"13":{"name":"(anonymous_13)","decl":{"start":{"line":217,"column":28},"end":{"line":217,"column":29}},"loc":{"start":{"line":217,"column":35},"end":{"line":217,"column":null}},"line":217},"14":{"name":"(anonymous_14)","decl":{"start":{"line":234,"column":28},"end":{"line":234,"column":29}},"loc":{"start":{"line":234,"column":35},"end":{"line":234,"column":null}},"line":234},"15":{"name":"(anonymous_15)","decl":{"start":{"line":245,"column":28},"end":{"line":245,"column":29}},"loc":{"start":{"line":245,"column":35},"end":{"line":245,"column":null}},"line":245},"16":{"name":"(anonymous_16)","decl":{"start":{"line":299,"column":59},"end":{"line":299,"column":65}},"loc":{"start":{"line":299,"column":65},"end":{"line":299,"column":96}},"line":299}},"branchMap":{"0":{"loc":{"start":{"line":28,"column":4},"end":{"line":43,"column":null}},"type":"if","locations":[{"start":{"line":28,"column":4},"end":{"line":43,"column":null}},{"start":{"line":33,"column":4},"end":{"line":43,"column":null}}],"line":28},"1":{"loc":{"start":{"line":29,"column":6},"end":{"line":32,"column":null}},"type":"if","locations":[{"start":{"line":29,"column":6},"end":{"line":32,"column":null}},{"start":{},"end":{}}],"line":29},"2":{"loc":{"start":{"line":29,"column":10},"end":{"line":29,"column":64}},"type":"binary-expr","locations":[{"start":{"line":29,"column":10},"end":{"line":29,"column":33}},{"start":{"line":29,"column":33},"end":{"line":29,"column":49}},{"start":{"line":29,"column":49},"end":{"line":29,"column":64}}],"line":29},"3":{"loc":{"start":{"line":33,"column":4},"end":{"line":43,"column":null}},"type":"if","locations":[{"start":{"line":33,"column":4},"end":{"line":43,"column":null}},{"start":{"line":38,"column":4},"end":{"line":43,"column":null}}],"line":33},"4":{"loc":{"start":{"line":34,"column":6},"end":{"line":37,"column":null}},"type":"if","locations":[{"start":{"line":34,"column":6},"end":{"line":37,"column":null}},{"start":{},"end":{}}],"line":34},"5":{"loc":{"start":{"line":38,"column":4},"end":{"line":43,"column":null}},"type":"if","locations":[{"start":{"line":38,"column":4},"end":{"line":43,"column":null}},{"start":{},"end":{}}],"line":38},"6":{"loc":{"start":{"line":39,"column":6},"end":{"line":42,"column":null}},"type":"if","locations":[{"start":{"line":39,"column":6},"end":{"line":42,"column":null}},{"start":{},"end":{}}],"line":39},"7":{"loc":{"start":{"line":39,"column":10},"end":{"line":39,"column":40}},"type":"binary-expr","locations":[{"start":{"line":39,"column":10},"end":{"line":39,"column":26}},{"start":{"line":39,"column":26},"end":{"line":39,"column":40}}],"line":39},"8":{"loc":{"start":{"line":61,"column":21},"end":{"line":61,"column":null}},"type":"cond-expr","locations":[{"start":{"line":61,"column":35},"end":{"line":61,"column":57}},{"start":{"line":61,"column":53},"end":{"line":61,"column":null}}],"line":61},"9":{"loc":{"start":{"line":113,"column":32},"end":{"line":113,"column":null}},"type":"cond-expr","locations":[{"start":{"line":113,"column":55},"end":{"line":113,"column":80}},{"start":{"line":113,"column":80},"end":{"line":113,"column":null}}],"line":113},"10":{"loc":{"start":{"line":114,"column":27},"end":{"line":114,"column":null}},"type":"cond-expr","locations":[{"start":{"line":114,"column":50},"end":{"line":114,"column":60}},{"start":{"line":114,"column":60},"end":{"line":114,"column":null}}],"line":114},"11":{"loc":{"start":{"line":124,"column":17},"end":{"line":125,"column":null}},"type":"binary-expr","locations":[{"start":{"line":124,"column":17},"end":{"line":124,"column":null}},{"start":{"line":125,"column":18},"end":{"line":125,"column":null}}],"line":124},"12":{"loc":{"start":{"line":125,"column":74},"end":{"line":125,"column":132}},"type":"cond-expr","locations":[{"start":{"line":125,"column":96},"end":{"line":125,"column":121}},{"start":{"line":125,"column":121},"end":{"line":125,"column":132}}],"line":125},"13":{"loc":{"start":{"line":139,"column":11},"end":{"line":184,"column":null}},"type":"binary-expr","locations":[{"start":{"line":139,"column":11},"end":{"line":139,"column":null}},{"start":{"line":140,"column":12},"end":{"line":184,"column":null}}],"line":139},"14":{"loc":{"start":{"line":179,"column":50},"end":{"line":179,"column":94}},"type":"cond-expr","locations":[{"start":{"line":179,"column":67},"end":{"line":179,"column":92}},{"start":{"line":179,"column":92},"end":{"line":179,"column":94}}],"line":179},"15":{"loc":{"start":{"line":188,"column":11},"end":{"line":222,"column":null}},"type":"binary-expr","locations":[{"start":{"line":188,"column":11},"end":{"line":188,"column":null}},{"start":{"line":189,"column":12},"end":{"line":222,"column":null}}],"line":188},"16":{"loc":{"start":{"line":198,"column":30},"end":{"line":198,"column":null}},"type":"cond-expr","locations":[{"start":{"line":198,"column":53},"end":{"line":198,"column":88}},{"start":{"line":198,"column":88},"end":{"line":198,"column":null}}],"line":198},"17":{"loc":{"start":{"line":200,"column":34},"end":{"line":200,"column":null}},"type":"cond-expr","locations":[{"start":{"line":200,"column":57},"end":{"line":200,"column":85}},{"start":{"line":200,"column":85},"end":{"line":200,"column":null}}],"line":200},"18":{"loc":{"start":{"line":203,"column":34},"end":{"line":203,"column":null}},"type":"cond-expr","locations":[{"start":{"line":203,"column":57},"end":{"line":203,"column":65}},{"start":{"line":203,"column":65},"end":{"line":203,"column":null}}],"line":203},"19":{"loc":{"start":{"line":204,"column":29},"end":{"line":204,"column":null}},"type":"cond-expr","locations":[{"start":{"line":204,"column":52},"end":{"line":204,"column":77}},{"start":{"line":204,"column":77},"end":{"line":204,"column":null}}],"line":204},"20":{"loc":{"start":{"line":226,"column":11},"end":{"line":252,"column":null}},"type":"binary-expr","locations":[{"start":{"line":226,"column":11},"end":{"line":226,"column":null}},{"start":{"line":227,"column":12},"end":{"line":252,"column":null}}],"line":226},"21":{"loc":{"start":{"line":256,"column":11},"end":{"line":280,"column":null}},"type":"binary-expr","locations":[{"start":{"line":256,"column":11},"end":{"line":256,"column":null}},{"start":{"line":257,"column":12},"end":{"line":280,"column":null}}],"line":256},"22":{"loc":{"start":{"line":286,"column":9},"end":{"line":289,"column":null}},"type":"binary-expr","locations":[{"start":{"line":286,"column":9},"end":{"line":286,"column":null}},{"start":{"line":287,"column":10},"end":{"line":289,"column":null}}],"line":286},"23":{"loc":{"start":{"line":294,"column":11},"end":{"line":301,"column":null}},"type":"cond-expr","locations":[{"start":{"line":295,"column":12},"end":{"line":297,"column":null}},{"start":{"line":299,"column":12},"end":{"line":301,"column":null}}],"line":294},"24":{"loc":{"start":{"line":304,"column":11},"end":{"line":311,"column":null}},"type":"cond-expr","locations":[{"start":{"line":305,"column":12},"end":{"line":307,"column":null}},{"start":{"line":309,"column":12},"end":{"line":311,"column":null}}],"line":304},"25":{"loc":{"start":{"line":310,"column":15},"end":{"line":310,"column":null}},"type":"cond-expr","locations":[{"start":{"line":310,"column":30},"end":{"line":310,"column":45}},{"start":{"line":310,"column":45},"end":{"line":310,"column":null}}],"line":310}},"s":{"0":1,"1":19,"2":19,"3":19,"4":19,"5":19,"6":19,"7":19,"8":19,"9":19,"10":19,"11":19,"12":19,"13":19,"14":19,"15":5,"16":5,"17":3,"18":1,"19":1,"20":2,"21":1,"22":0,"23":0,"24":1,"25":1,"26":0,"27":0,"28":4,"29":4,"30":19,"31":0,"32":0,"33":0,"34":19,"35":1,"36":1,"37":1,"38":1,"39":1,"40":0,"41":0,"42":0,"43":19,"44":19,"45":19,"46":76,"47":2,"48":2,"49":2,"50":0,"51":18,"52":1,"53":0,"54":1,"55":1,"56":0},"f":{"0":19,"1":5,"2":4,"3":0,"4":0,"5":1,"6":76,"7":2,"8":2,"9":2,"10":0,"11":18,"12":1,"13":0,"14":1,"15":1,"16":0},"b":{"0":[3,2],"1":[1,2],"2":[3,2,2],"3":[1,1],"4":[0,1],"5":[1,0],"6":[0,1],"7":[1,1],"8":[0,1],"9":[34,42],"10":[34,42],"11":[76,57],"12":[15,42],"13":[19,11],"14":[0,0],"15":[19,3],"16":[1,17],"17":[1,17],"18":[1,17],"19":[1,17],"20":[19,3],"21":[19,2],"22":[19,1],"23":[8,11],"24":[17,2],"25":[1,1]},"meta":{"lastBranch":26,"lastFunction":17,"lastStatement":57,"seen":{"s:5:20:318:Infinity":0,"f:5:20:5:21":0,"s:6:24:6:Infinity":1,"s:7:8:7:Infinity":2,"s:10:36:10:Infinity":3,"s:12:36:12:Infinity":4,"s:13:50:13:Infinity":5,"s:14:36:14:Infinity":6,"s:15:38:15:Infinity":7,"s:16:36:16:Infinity":8,"s:17:36:17:Infinity":9,"s:18:36:18:Infinity":10,"s:20:24:20:Infinity":11,"s:21:38:21:Infinity":12,"s:23:16:23:Infinity":13,"s:25:21:45:Infinity":14,"f:25:21:25:27":1,"s:26:4:26:Infinity":15,"b:28:4:43:Infinity:33:4:43:Infinity":0,"s:28:4:43:Infinity":16,"b:29:6:32:Infinity:undefined:undefined:undefined:undefined":1,"s:29:6:32:Infinity":17,"b:29:10:29:33:29:33:29:49:29:49:29:64":2,"s:30:8:30:Infinity":18,"s:31:8:31:Infinity":19,"b:33:4:43:Infinity:38:4:43:Infinity":3,"s:33:4:43:Infinity":20,"b:34:6:37:Infinity:undefined:undefined:undefined:undefined":4,"s:34:6:37:Infinity":21,"s:35:8:35:Infinity":22,"s:36:8:36:Infinity":23,"b:38:4:43:Infinity:undefined:undefined:undefined:undefined":5,"s:38:4:43:Infinity":24,"b:39:6:42:Infinity:undefined:undefined:undefined:undefined":6,"s:39:6:42:Infinity":25,"b:39:10:39:26:39:26:39:40":7,"s:40:8:40:Infinity":26,"s:41:8:41:Infinity":27,"s:44:4:44:Infinity":28,"f:44:19:44:20":2,"s:44:29:44:37":29,"s:47:21:50:Infinity":30,"f:47:21:47:27":3,"s:48:4:48:Infinity":31,"s:49:4:49:Infinity":32,"f:49:19:49:20":4,"s:49:29:49:37":33,"s:52:23:78:Infinity":34,"f:52:23:52:35":5,"s:53:4:53:Infinity":35,"s:54:4:54:Infinity":36,"s:56:4:77:Infinity":37,"s:57:6:66:Infinity":38,"b:61:35:61:57:61:53:61:Infinity":8,"s:68:6:72:Infinity":39,"s:74:6:74:Infinity":40,"s:75:6:75:Infinity":41,"s:76:6:76:Infinity":42,"s:81:21:88:Infinity":43,"s:90:21:96:Infinity":44,"s:98:2:316:Infinity":45,"f:106:23:106:24":6,"s:107:14:127:Infinity":46,"b:113:55:113:80:113:80:113:Infinity":9,"b:114:50:114:60:114:60:114:Infinity":10,"b:124:17:124:Infinity:125:18:125:Infinity":11,"b:125:96:125:121:125:121:125:132":12,"b:139:11:139:Infinity:140:12:184:Infinity":13,"f:146:28:146:29":7,"s:146:35:146:Infinity":47,"f:157:30:157:31":8,"s:157:37:157:Infinity":48,"f:167:30:167:31":9,"s:167:37:167:Infinity":49,"f:179:28:179:29":10,"s:179:35:179:Infinity":50,"b:179:67:179:92:179:92:179:94":14,"b:188:11:188:Infinity:189:12:222:Infinity":15,"f:192:110:192:111":11,"s:193:18:209:Infinity":51,"f:195:29:195:35":12,"s:195:35:195:Infinity":52,"b:198:53:198:88:198:88:198:Infinity":16,"b:200:57:200:85:200:85:200:Infinity":17,"b:203:57:203:65:203:65:203:Infinity":18,"b:204:52:204:77:204:77:204:Infinity":19,"f:217:28:217:29":13,"s:217:35:217:Infinity":53,"b:226:11:226:Infinity:227:12:252:Infinity":20,"f:234:28:234:29":14,"s:234:35:234:Infinity":54,"f:245:28:245:29":15,"s:245:35:245:Infinity":55,"b:256:11:256:Infinity:257:12:280:Infinity":21,"b:286:9:286:Infinity:287:10:289:Infinity":22,"b:295:12:297:Infinity:299:12:301:Infinity":23,"f:299:59:299:65":16,"s:299:65:299:96":56,"b:305:12:307:Infinity:309:12:311:Infinity":24,"b:310:30:310:45:310:45:310:Infinity":25}}}
,"C:\\Users\\kevin\\Documents\\GitHub - CLONE FROM THIS FOLDER\\Maple-Street\\Garage-App\\src\\components\\CustomerRegistrationForm.tsx": {"path":"C:\\Users\\kevin\\Documents\\GitHub - CLONE FROM THIS FOLDER\\Maple-Street\\Garage-App\\src\\components\\CustomerRegistrationForm.tsx","statementMap":{"0":{"start":{"line":5,"column":33},"end":{"line":204,"column":null}},"1":{"start":{"line":6,"column":32},"end":{"line":6,"column":null}},"2":{"start":{"line":7,"column":8},"end":{"line":7,"column":null}},"3":{"start":{"line":10,"column":32},"end":{"line":10,"column":null}},"4":{"start":{"line":11,"column":30},"end":{"line":11,"column":null}},"5":{"start":{"line":12,"column":24},"end":{"line":12,"column":null}},"6":{"start":{"line":13,"column":24},"end":{"line":13,"column":null}},"7":{"start":{"line":14,"column":36},"end":{"line":14,"column":null}},"8":{"start":{"line":17,"column":24},"end":{"line":17,"column":null}},"9":{"start":{"line":18,"column":28},"end":{"line":18,"column":null}},"10":{"start":{"line":19,"column":34},"end":{"line":19,"column":null}},"11":{"start":{"line":21,"column":23},"end":{"line":89,"column":null}},"12":{"start":{"line":22,"column":4},"end":{"line":22,"column":null}},"13":{"start":{"line":23,"column":4},"end":{"line":23,"column":null}},"14":{"start":{"line":24,"column":4},"end":{"line":24,"column":null}},"15":{"start":{"line":27,"column":4},"end":{"line":30,"column":null}},"16":{"start":{"line":28,"column":6},"end":{"line":28,"column":null}},"17":{"start":{"line":29,"column":6},"end":{"line":29,"column":null}},"18":{"start":{"line":33,"column":4},"end":{"line":36,"column":null}},"19":{"start":{"line":34,"column":6},"end":{"line":34,"column":null}},"20":{"start":{"line":35,"column":6},"end":{"line":35,"column":null}},"21":{"start":{"line":39,"column":4},"end":{"line":60,"column":null}},"22":{"start":{"line":40,"column":18},"end":{"line":40,"column":null}},"23":{"start":{"line":41,"column":20},"end":{"line":41,"column":null}},"24":{"start":{"line":44,"column":6},"end":{"line":47,"column":null}},"25":{"start":{"line":45,"column":8},"end":{"line":45,"column":null}},"26":{"start":{"line":46,"column":8},"end":{"line":46,"column":null}},"27":{"start":{"line":50,"column":16},"end":{"line":50,"column":null}},"28":{"start":{"line":51,"column":16},"end":{"line":51,"column":null}},"29":{"start":{"line":52,"column":6},"end":{"line":54,"column":null}},"30":{"start":{"line":53,"column":8},"end":{"line":53,"column":null}},"31":{"start":{"line":56,"column":6},"end":{"line":59,"column":null}},"32":{"start":{"line":57,"column":8},"end":{"line":57,"column":null}},"33":{"start":{"line":58,"column":8},"end":{"line":58,"column":null}},"34":{"start":{"line":62,"column":4},"end":{"line":88,"column":null}},"35":{"start":{"line":63,"column":28},"end":{"line":63,"column":null}},"36":{"start":{"line":65,"column":25},"end":{"line":72,"column":null}},"37":{"start":{"line":74,"column":6},"end":{"line":74,"column":null}},"38":{"start":{"line":76,"column":6},"end":{"line":76,"column":null}},"39":{"start":{"line":77,"column":6},"end":{"line":77,"column":null}},"40":{"start":{"line":80,"column":6},"end":{"line":80,"column":null}},"41":{"start":{"line":81,"column":6},"end":{"line":81,"column":null}},"42":{"start":{"line":82,"column":6},"end":{"line":82,"column":null}},"43":{"start":{"line":83,"column":6},"end":{"line":83,"column":null}},"44":{"start":{"line":84,"column":6},"end":{"line":84,"column":null}},"45":{"start":{"line":86,"column":6},"end":{"line":86,"column":null}},"46":{"start":{"line":87,"column":6},"end":{"line":87,"column":null}},"47":{"start":{"line":91,"column":2},"end":{"line":202,"column":null}},"48":{"start":{"line":107,"column":35},"end":{"line":107,"column":null}},"49":{"start":{"line":117,"column":35},"end":{"line":117,"column":null}},"50":{"start":{"line":130,"column":33},"end":{"line":130,"column":null}},"51":{"start":{"line":141,"column":33},"end":{"line":141,"column":null}},"52":{"start":{"line":153,"column":33},"end":{"line":153,"column":null}},"53":{"start":{"line":165,"column":29},"end":{"line":165,"column":null}},"54":{"start":{"line":181,"column":31},"end":{"line":181,"column":null}},"55":{"start":{"line":187,"column":31},"end":{"line":187,"column":null}}},"fnMap":{"0":{"name":"(anonymous_0)","decl":{"start":{"line":5,"column":33},"end":{"line":5,"column":39}},"loc":{"start":{"line":5,"column":39},"end":{"line":204,"column":null}},"line":5},"1":{"name":"(anonymous_1)","decl":{"start":{"line":21,"column":23},"end":{"line":21,"column":30}},"loc":{"start":{"line":21,"column":53},"end":{"line":89,"column":null}},"line":21},"2":{"name":"(anonymous_2)","decl":{"start":{"line":107,"column":28},"end":{"line":107,"column":29}},"loc":{"start":{"line":107,"column":35},"end":{"line":107,"column":null}},"line":107},"3":{"name":"(anonymous_3)","decl":{"start":{"line":117,"column":28},"end":{"line":117,"column":29}},"loc":{"start":{"line":117,"column":35},"end":{"line":117,"column":null}},"line":117},"4":{"name":"(anonymous_4)","decl":{"start":{"line":130,"column":26},"end":{"line":130,"column":27}},"loc":{"start":{"line":130,"column":33},"end":{"line":130,"column":null}},"line":130},"5":{"name":"(anonymous_5)","decl":{"start":{"line":141,"column":26},"end":{"line":141,"column":27}},"loc":{"start":{"line":141,"column":33},"end":{"line":141,"column":null}},"line":141},"6":{"name":"(anonymous_6)","decl":{"start":{"line":153,"column":26},"end":{"line":153,"column":27}},"loc":{"start":{"line":153,"column":33},"end":{"line":153,"column":null}},"line":153},"7":{"name":"(anonymous_7)","decl":{"start":{"line":165,"column":23},"end":{"line":165,"column":29}},"loc":{"start":{"line":165,"column":29},"end":{"line":165,"column":null}},"line":165},"8":{"name":"(anonymous_8)","decl":{"start":{"line":181,"column":25},"end":{"line":181,"column":31}},"loc":{"start":{"line":181,"column":31},"end":{"line":181,"column":null}},"line":181},"9":{"name":"(anonymous_9)","decl":{"start":{"line":187,"column":25},"end":{"line":187,"column":31}},"loc":{"start":{"line":187,"column":31},"end":{"line":187,"column":null}},"line":187}},"branchMap":{"0":{"loc":{"start":{"line":27,"column":4},"end":{"line":30,"column":null}},"type":"if","locations":[{"start":{"line":27,"column":4},"end":{"line":30,"column":null}},{"start":{},"end":{}}],"line":27},"1":{"loc":{"start":{"line":27,"column":8},"end":{"line":27,"column":44}},"type":"binary-expr","locations":[{"start":{"line":27,"column":8},"end":{"line":27,"column":29}},{"start":{"line":27,"column":29},"end":{"line":27,"column":44}}],"line":27},"2":{"loc":{"start":{"line":33,"column":4},"end":{"line":36,"column":null}},"type":"if","locations":[{"start":{"line":33,"column":4},"end":{"line":36,"column":null}},{"start":{},"end":{}}],"line":33},"3":{"loc":{"start":{"line":33,"column":8},"end":{"line":33,"column":55}},"type":"binary-expr","locations":[{"start":{"line":33,"column":8},"end":{"line":33,"column":17}},{"start":{"line":33,"column":17},"end":{"line":33,"column":55}}],"line":33},"4":{"loc":{"start":{"line":39,"column":4},"end":{"line":60,"column":null}},"type":"if","locations":[{"start":{"line":39,"column":4},"end":{"line":60,"column":null}},{"start":{},"end":{}}],"line":39},"5":{"loc":{"start":{"line":44,"column":6},"end":{"line":47,"column":null}},"type":"if","locations":[{"start":{"line":44,"column":6},"end":{"line":47,"column":null}},{"start":{},"end":{}}],"line":44},"6":{"loc":{"start":{"line":52,"column":6},"end":{"line":54,"column":null}},"type":"if","locations":[{"start":{"line":52,"column":6},"end":{"line":54,"column":null}},{"start":{},"end":{}}],"line":52},"7":{"loc":{"start":{"line":52,"column":10},"end":{"line":52,"column":65}},"type":"binary-expr","locations":[{"start":{"line":52,"column":10},"end":{"line":52,"column":20}},{"start":{"line":52,"column":20},"end":{"line":52,"column":31}},{"start":{"line":52,"column":31},"end":{"line":52,"column":65}}],"line":52},"8":{"loc":{"start":{"line":56,"column":6},"end":{"line":59,"column":null}},"type":"if","locations":[{"start":{"line":56,"column":6},"end":{"line":59,"column":null}},{"start":{},"end":{}}],"line":56},"9":{"loc":{"start":{"line":70,"column":15},"end":{"line":70,"column":null}},"type":"binary-expr","locations":[{"start":{"line":70,"column":15},"end":{"line":70,"column":24}},{"start":{"line":70,"column":24},"end":{"line":70,"column":null}}],"line":70},"10":{"loc":{"start":{"line":71,"column":21},"end":{"line":71,"column":null}},"type":"binary-expr","locations":[{"start":{"line":71,"column":21},"end":{"line":71,"column":36}},{"start":{"line":71,"column":36},"end":{"line":71,"column":null}}],"line":71},"11":{"loc":{"start":{"line":96,"column":9},"end":{"line":192,"column":null}},"type":"cond-expr","locations":[{"start":{"line":97,"column":10},"end":{"line":170,"column":null}},{"start":{"line":172,"column":10},"end":{"line":192,"column":null}}],"line":96},"12":{"loc":{"start":{"line":196,"column":9},"end":{"line":199,"column":null}},"type":"binary-expr","locations":[{"start":{"line":196,"column":9},"end":{"line":196,"column":null}},{"start":{"line":197,"column":10},"end":{"line":199,"column":null}}],"line":196}},"s":{"0":1,"1":21,"2":21,"3":21,"4":21,"5":21,"6":21,"7":21,"8":21,"9":21,"10":21,"11":21,"12":4,"13":4,"14":4,"15":4,"16":1,"17":1,"18":3,"19":1,"20":1,"21":2,"22":2,"23":2,"24":2,"25":0,"26":0,"27":2,"28":2,"29":2,"30":0,"31":2,"32":1,"33":1,"34":1,"35":1,"36":1,"37":4,"38":1,"39":1,"40":1,"41":1,"42":1,"43":1,"44":1,"45":0,"46":0,"47":21,"48":3,"49":1,"50":3,"51":2,"52":2,"53":0,"54":0,"55":0},"f":{"0":21,"1":4,"2":3,"3":1,"4":3,"5":2,"6":2,"7":0,"8":0,"9":0},"b":{"0":[1,3],"1":[4,3],"2":[1,2],"3":[3,2],"4":[2,0],"5":[0,2],"6":[0,2],"7":[2,2,0],"8":[1,1],"9":[1,0],"10":[4,0],"11":[20,1],"12":[21,3]},"meta":{"lastBranch":13,"lastFunction":10,"lastStatement":56,"seen":{"s:5:33:204:Infinity":0,"f:5:33:5:39":0,"s:6:32:6:Infinity":1,"s:7:8:7:Infinity":2,"s:10:32:10:Infinity":3,"s:11:30:11:Infinity":4,"s:12:24:12:Infinity":5,"s:13:24:13:Infinity":6,"s:14:36:14:Infinity":7,"s:17:24:17:Infinity":8,"s:18:28:18:Infinity":9,"s:19:34:19:Infinity":10,"s:21:23:89:Infinity":11,"f:21:23:21:30":1,"s:22:4:22:Infinity":12,"s:23:4:23:Infinity":13,"s:24:4:24:Infinity":14,"b:27:4:30:Infinity:undefined:undefined:undefined:undefined":0,"s:27:4:30:Infinity":15,"b:27:8:27:29:27:29:27:44":1,"s:28:6:28:Infinity":16,"s:29:6:29:Infinity":17,"b:33:4:36:Infinity:undefined:undefined:undefined:undefined":2,"s:33:4:36:Infinity":18,"b:33:8:33:17:33:17:33:55":3,"s:34:6:34:Infinity":19,"s:35:6:35:Infinity":20,"b:39:4:60:Infinity:undefined:undefined:undefined:undefined":4,"s:39:4:60:Infinity":21,"s:40:18:40:Infinity":22,"s:41:20:41:Infinity":23,"b:44:6:47:Infinity:undefined:undefined:undefined:undefined":5,"s:44:6:47:Infinity":24,"s:45:8:45:Infinity":25,"s:46:8:46:Infinity":26,"s:50:16:50:Infinity":27,"s:51:16:51:Infinity":28,"b:52:6:54:Infinity:undefined:undefined:undefined:undefined":6,"s:52:6:54:Infinity":29,"b:52:10:52:20:52:20:52:31:52:31:52:65":7,"s:53:8:53:Infinity":30,"b:56:6:59:Infinity:undefined:undefined:undefined:undefined":8,"s:56:6:59:Infinity":31,"s:57:8:57:Infinity":32,"s:58:8:58:Infinity":33,"s:62:4:88:Infinity":34,"s:63:28:63:Infinity":35,"s:65:25:72:Infinity":36,"b:70:15:70:24:70:24:70:Infinity":9,"b:71:21:71:36:71:36:71:Infinity":10,"s:74:6:74:Infinity":37,"s:76:6:76:Infinity":38,"s:77:6:77:Infinity":39,"s:80:6:80:Infinity":40,"s:81:6:81:Infinity":41,"s:82:6:82:Infinity":42,"s:83:6:83:Infinity":43,"s:84:6:84:Infinity":44,"s:86:6:86:Infinity":45,"s:87:6:87:Infinity":46,"s:91:2:202:Infinity":47,"b:97:10:170:Infinity:172:10:192:Infinity":11,"f:107:28:107:29":2,"s:107:35:107:Infinity":48,"f:117:28:117:29":3,"s:117:35:117:Infinity":49,"f:130:26:130:27":4,"s:130:33:130:Infinity":50,"f:141:26:141:27":5,"s:141:33:141:Infinity":51,"f:153:26:153:27":6,"s:153:33:153:Infinity":52,"f:165:23:165:29":7,"s:165:29:165:Infinity":53,"f:181:25:181:31":8,"s:181:31:181:Infinity":54,"f:187:25:187:31":9,"s:187:31:187:Infinity":55,"b:196:9:196:Infinity:197:10:199:Infinity":12}}}
,"C:\\Users\\kevin\\Documents\\GitHub - CLONE FROM THIS FOLDER\\Maple-Street\\Garage-App\\src\\contexts\\BookingContext.tsx": {"path":"C:\\Users\\kevin\\Documents\\GitHub - CLONE FROM THIS FOLDER\\Maple-Street\\Garage-App\\src\\contexts\\BookingContext.tsx","statementMap":{"0":{"start":{"line":66,"column":13},"end":{"line":66,"column":null}},"1":{"start":{"line":68,"column":31},"end":{"line":207,"column":null}},"2":{"start":{"line":78,"column":24},"end":{"line":95,"column":null}},"3":{"start":{"line":81,"column":4},"end":{"line":94,"column":null}},"4":{"start":{"line":82,"column":6},"end":{"line":90,"column":null}},"5":{"start":{"line":92,"column":6},"end":{"line":92,"column":null}},"6":{"start":{"line":93,"column":6},"end":{"line":93,"column":null}},"7":{"start":{"line":101,"column":32},"end":{"line":115,"column":null}},"8":{"start":{"line":104,"column":4},"end":{"line":114,"column":null}},"9":{"start":{"line":105,"column":23},"end":{"line":109,"column":null}},"10":{"start":{"line":110,"column":6},"end":{"line":110,"column":null}},"11":{"start":{"line":112,"column":6},"end":{"line":112,"column":null}},"12":{"start":{"line":113,"column":6},"end":{"line":113,"column":null}},"13":{"start":{"line":121,"column":25},"end":{"line":132,"column":null}},"14":{"start":{"line":122,"column":4},"end":{"line":131,"column":null}},"15":{"start":{"line":123,"column":23},"end":{"line":126,"column":null}},"16":{"start":{"line":127,"column":6},"end":{"line":127,"column":null}},"17":{"start":{"line":129,"column":6},"end":{"line":129,"column":null}},"18":{"start":{"line":130,"column":6},"end":{"line":130,"column":null}},"19":{"start":{"line":138,"column":32},"end":{"line":152,"column":null}},"20":{"start":{"line":141,"column":4},"end":{"line":151,"column":null}},"21":{"start":{"line":142,"column":23},"end":{"line":146,"column":null}},"22":{"start":{"line":147,"column":6},"end":{"line":147,"column":null}},"23":{"start":{"line":149,"column":6},"end":{"line":149,"column":null}},"24":{"start":{"line":150,"column":6},"end":{"line":150,"column":null}},"25":{"start":{"line":158,"column":30},"end":{"line":173,"column":null}},"26":{"start":{"line":162,"column":4},"end":{"line":172,"column":null}},"27":{"start":{"line":163,"column":6},"end":{"line":168,"column":null}},"28":{"start":{"line":170,"column":6},"end":{"line":170,"column":null}},"29":{"start":{"line":171,"column":6},"end":{"line":171,"column":null}},"30":{"start":{"line":179,"column":25},"end":{"line":191,"column":null}},"31":{"start":{"line":180,"column":4},"end":{"line":190,"column":null}},"32":{"start":{"line":181,"column":6},"end":{"line":186,"column":null}},"33":{"start":{"line":188,"column":6},"end":{"line":188,"column":null}},"34":{"start":{"line":189,"column":6},"end":{"line":189,"column":null}},"35":{"start":{"line":193,"column":2},"end":{"line":205,"column":null}}},"fnMap":{"0":{"name":"(anonymous_0)","decl":{"start":{"line":68,"column":31},"end":{"line":68,"column":32}},"loc":{"start":{"line":72,"column":6},"end":{"line":207,"column":null}},"line":72},"1":{"name":"(anonymous_1)","decl":{"start":{"line":78,"column":24},"end":{"line":78,"column":null}},"loc":{"start":{"line":80,"column":7},"end":{"line":95,"column":null}},"line":80},"2":{"name":"(anonymous_2)","decl":{"start":{"line":101,"column":32},"end":{"line":101,"column":null}},"loc":{"start":{"line":103,"column":31},"end":{"line":115,"column":null}},"line":103},"3":{"name":"(anonymous_3)","decl":{"start":{"line":121,"column":25},"end":{"line":121,"column":61}},"loc":{"start":{"line":121,"column":61},"end":{"line":132,"column":null}},"line":121},"4":{"name":"(anonymous_4)","decl":{"start":{"line":138,"column":32},"end":{"line":138,"column":null}},"loc":{"start":{"line":140,"column":31},"end":{"line":152,"column":null}},"line":140},"5":{"name":"(anonymous_5)","decl":{"start":{"line":158,"column":30},"end":{"line":158,"column":null}},"loc":{"start":{"line":161,"column":7},"end":{"line":173,"column":null}},"line":161},"6":{"name":"(anonymous_6)","decl":{"start":{"line":179,"column":25},"end":{"line":179,"column":32}},"loc":{"start":{"line":179,"column":74},"end":{"line":191,"column":null}},"line":179}},"branchMap":{},"s":{"0":2,"1":2,"2":0,"3":0,"4":0,"5":0,"6":0,"7":0,"8":0,"9":0,"10":0,"11":0,"12":0,"13":0,"14":0,"15":0,"16":0,"17":0,"18":0,"19":0,"20":0,"21":0,"22":0,"23":0,"24":0,"25":0,"26":0,"27":0,"28":0,"29":0,"30":0,"31":0,"32":0,"33":0,"34":0,"35":0},"f":{"0":0,"1":0,"2":0,"3":0,"4":0,"5":0,"6":0},"b":{},"meta":{"lastBranch":0,"lastFunction":7,"lastStatement":36,"seen":{"s:66:13:66:Infinity":0,"s:68:31:207:Infinity":1,"f:68:31:68:32":0,"s:78:24:95:Infinity":2,"f:78:24:78:Infinity":1,"s:81:4:94:Infinity":3,"s:82:6:90:Infinity":4,"s:92:6:92:Infinity":5,"s:93:6:93:Infinity":6,"s:101:32:115:Infinity":7,"f:101:32:101:Infinity":2,"s:104:4:114:Infinity":8,"s:105:23:109:Infinity":9,"s:110:6:110:Infinity":10,"s:112:6:112:Infinity":11,"s:113:6:113:Infinity":12,"s:121:25:132:Infinity":13,"f:121:25:121:61":3,"s:122:4:131:Infinity":14,"s:123:23:126:Infinity":15,"s:127:6:127:Infinity":16,"s:129:6:129:Infinity":17,"s:130:6:130:Infinity":18,"s:138:32:152:Infinity":19,"f:138:32:138:Infinity":4,"s:141:4:151:Infinity":20,"s:142:23:146:Infinity":21,"s:147:6:147:Infinity":22,"s:149:6:149:Infinity":23,"s:150:6:150:Infinity":24,"s:158:30:173:Infinity":25,"f:158:30:158:Infinity":5,"s:162:4:172:Infinity":26,"s:163:6:168:Infinity":27,"s:170:6:170:Infinity":28,"s:171:6:171:Infinity":29,"s:179:25:191:Infinity":30,"f:179:25:179:32":6,"s:180:4:190:Infinity":31,"s:181:6:186:Infinity":32,"s:188:6:188:Infinity":33,"s:189:6:189:Infinity":34,"s:193:2:205:Infinity":35}}}
,"C:\\Users\\kevin\\Documents\\GitHub - CLONE FROM THIS FOLDER\\Maple-Street\\Garage-App\\src\\contexts\\CustomerInteractionContext.tsx": {"path":"C:\\Users\\kevin\\Documents\\GitHub - CLONE FROM THIS FOLDER\\Maple-Street\\Garage-App\\src\\contexts\\CustomerInteractionContext.tsx","statementMap":{"0":{"start":{"line":53,"column":2},"end":{"line":53,"column":null}},"1":{"start":{"line":59,"column":36},"end":{"line":165,"column":null}},"2":{"start":{"line":67,"column":32},"end":{"line":86,"column":null}},"3":{"start":{"line":68,"column":4},"end":{"line":68,"column":null}},"4":{"start":{"line":69,"column":4},"end":{"line":85,"column":null}},"5":{"start":{"line":71,"column":24},"end":{"line":73,"column":null}},"6":{"start":{"line":72,"column":57},"end":{"line":72,"column":66}},"7":{"start":{"line":75,"column":23},"end":{"line":80,"column":null}},"8":{"start":{"line":81,"column":6},"end":{"line":81,"column":null}},"9":{"start":{"line":83,"column":6},"end":{"line":83,"column":null}},"10":{"start":{"line":84,"column":6},"end":{"line":84,"column":null}},"11":{"start":{"line":93,"column":34},"end":{"line":111,"column":null}},"12":{"start":{"line":96,"column":4},"end":{"line":110,"column":null}},"13":{"start":{"line":97,"column":23},"end":{"line":101,"column":null}},"14":{"start":{"line":103,"column":6},"end":{"line":105,"column":null}},"15":{"start":{"line":104,"column":8},"end":{"line":104,"column":null}},"16":{"start":{"line":106,"column":6},"end":{"line":106,"column":null}},"17":{"start":{"line":108,"column":6},"end":{"line":108,"column":null}},"18":{"start":{"line":109,"column":6},"end":{"line":109,"column":null}},"19":{"start":{"line":117,"column":26},"end":{"line":129,"column":null}},"20":{"start":{"line":118,"column":4},"end":{"line":128,"column":null}},"21":{"start":{"line":119,"column":23},"end":{"line":122,"column":null}},"22":{"start":{"line":124,"column":6},"end":{"line":124,"column":null}},"23":{"start":{"line":126,"column":6},"end":{"line":126,"column":null}},"24":{"start":{"line":127,"column":6},"end":{"line":127,"column":null}},"25":{"start":{"line":136,"column":25},"end":{"line":151,"column":null}},"26":{"start":{"line":140,"column":4},"end":{"line":150,"column":null}},"27":{"start":{"line":141,"column":6},"end":{"line":146,"column":null}},"28":{"start":{"line":148,"column":6},"end":{"line":148,"column":null}},"29":{"start":{"line":149,"column":6},"end":{"line":149,"column":null}},"30":{"start":{"line":153,"column":2},"end":{"line":163,"column":null}}},"fnMap":{"0":{"name":"(anonymous_0)","decl":{"start":{"line":59,"column":36},"end":{"line":59,"column":37}},"loc":{"start":{"line":61,"column":39},"end":{"line":165,"column":null}},"line":61},"1":{"name":"(anonymous_1)","decl":{"start":{"line":67,"column":32},"end":{"line":67,"column":39}},"loc":{"start":{"line":67,"column":71},"end":{"line":86,"column":null}},"line":67},"2":{"name":"(anonymous_2)","decl":{"start":{"line":72,"column":45},"end":{"line":72,"column":46}},"loc":{"start":{"line":72,"column":57},"end":{"line":72,"column":66}},"line":72},"3":{"name":"(anonymous_3)","decl":{"start":{"line":93,"column":34},"end":{"line":93,"column":null}},"loc":{"start":{"line":95,"column":37},"end":{"line":111,"column":null}},"line":95},"4":{"name":"(anonymous_4)","decl":{"start":{"line":117,"column":26},"end":{"line":117,"column":63}},"loc":{"start":{"line":117,"column":63},"end":{"line":129,"column":null}},"line":117},"5":{"name":"(anonymous_5)","decl":{"start":{"line":136,"column":25},"end":{"line":136,"column":null}},"loc":{"start":{"line":139,"column":7},"end":{"line":151,"column":null}},"line":139}},"branchMap":{"0":{"loc":{"start":{"line":103,"column":6},"end":{"line":105,"column":null}},"type":"if","locations":[{"start":{"line":103,"column":6},"end":{"line":105,"column":null}},{"start":{},"end":{}}],"line":103}},"s":{"0":1,"1":1,"2":0,"3":0,"4":0,"5":0,"6":0,"7":0,"8":0,"9":0,"10":0,"11":0,"12":0,"13":0,"14":0,"15":0,"16":0,"17":0,"18":0,"19":0,"20":0,"21":0,"22":0,"23":0,"24":0,"25":0,"26":0,"27":0,"28":0,"29":0,"30":0},"f":{"0":0,"1":0,"2":0,"3":0,"4":0,"5":0},"b":{"0":[0,0]},"meta":{"lastBranch":1,"lastFunction":6,"lastStatement":31,"seen":{"s:53:2:53:Infinity":0,"s:59:36:165:Infinity":1,"f:59:36:59:37":0,"s:67:32:86:Infinity":2,"f:67:32:67:39":1,"s:68:4:68:Infinity":3,"s:69:4:85:Infinity":4,"s:71:24:73:Infinity":5,"f:72:45:72:46":2,"s:72:57:72:66":6,"s:75:23:80:Infinity":7,"s:81:6:81:Infinity":8,"s:83:6:83:Infinity":9,"s:84:6:84:Infinity":10,"s:93:34:111:Infinity":11,"f:93:34:93:Infinity":3,"s:96:4:110:Infinity":12,"s:97:23:101:Infinity":13,"b:103:6:105:Infinity:undefined:undefined:undefined:undefined":0,"s:103:6:105:Infinity":14,"s:104:8:104:Infinity":15,"s:106:6:106:Infinity":16,"s:108:6:108:Infinity":17,"s:109:6:109:Infinity":18,"s:117:26:129:Infinity":19,"f:117:26:117:63":4,"s:118:4:128:Infinity":20,"s:119:23:122:Infinity":21,"s:124:6:124:Infinity":22,"s:126:6:126:Infinity":23,"s:127:6:127:Infinity":24,"s:136:25:151:Infinity":25,"f:136:25:136:Infinity":5,"s:140:4:150:Infinity":26,"s:141:6:146:Infinity":27,"s:148:6:148:Infinity":28,"s:149:6:149:Infinity":29,"s:153:2:163:Infinity":30}}}
,"C:\\Users\\kevin\\Documents\\GitHub - CLONE FROM THIS FOLDER\\Maple-Street\\Garage-App\\src\\contexts\\InventoryContext.tsx": {"path":"C:\\Users\\kevin\\Documents\\GitHub - CLONE FROM THIS FOLDER\\Maple-Street\\Garage-App\\src\\contexts\\InventoryContext.tsx","statementMap":{"0":{"start":{"line":37,"column":13},"end":{"line":39,"column":null}},"1":{"start":{"line":41,"column":33},"end":{"line":106,"column":null}},"2":{"start":{"line":50,"column":26},"end":{"line":61,"column":null}},"3":{"start":{"line":51,"column":4},"end":{"line":60,"column":null}},"4":{"start":{"line":52,"column":23},"end":{"line":55,"column":null}},"5":{"start":{"line":56,"column":6},"end":{"line":56,"column":null}},"6":{"start":{"line":58,"column":6},"end":{"line":58,"column":null}},"7":{"start":{"line":59,"column":6},"end":{"line":59,"column":null}},"8":{"start":{"line":67,"column":18},"end":{"line":79,"column":null}},"9":{"start":{"line":68,"column":4},"end":{"line":78,"column":null}},"10":{"start":{"line":69,"column":6},"end":{"line":74,"column":null}},"11":{"start":{"line":76,"column":6},"end":{"line":76,"column":null}},"12":{"start":{"line":77,"column":6},"end":{"line":77,"column":null}},"13":{"start":{"line":85,"column":22},"end":{"line":97,"column":null}},"14":{"start":{"line":86,"column":4},"end":{"line":96,"column":null}},"15":{"start":{"line":87,"column":6},"end":{"line":92,"column":null}},"16":{"start":{"line":94,"column":6},"end":{"line":94,"column":null}},"17":{"start":{"line":95,"column":6},"end":{"line":95,"column":null}},"18":{"start":{"line":99,"column":2},"end":{"line":104,"column":null}}},"fnMap":{"0":{"name":"(anonymous_0)","decl":{"start":{"line":41,"column":33},"end":{"line":41,"column":34}},"loc":{"start":{"line":45,"column":6},"end":{"line":106,"column":null}},"line":45},"1":{"name":"(anonymous_1)","decl":{"start":{"line":50,"column":26},"end":{"line":50,"column":64}},"loc":{"start":{"line":50,"column":64},"end":{"line":61,"column":null}},"line":50},"2":{"name":"(anonymous_2)","decl":{"start":{"line":67,"column":18},"end":{"line":67,"column":25}},"loc":{"start":{"line":67,"column":66},"end":{"line":79,"column":null}},"line":67},"3":{"name":"(anonymous_3)","decl":{"start":{"line":85,"column":22},"end":{"line":85,"column":29}},"loc":{"start":{"line":85,"column":69},"end":{"line":97,"column":null}},"line":85}},"branchMap":{},"s":{"0":1,"1":1,"2":0,"3":0,"4":0,"5":0,"6":0,"7":0,"8":0,"9":0,"10":0,"11":0,"12":0,"13":0,"14":0,"15":0,"16":0,"17":0,"18":0},"f":{"0":0,"1":0,"2":0,"3":0},"b":{},"meta":{"lastBranch":0,"lastFunction":4,"lastStatement":19,"seen":{"s:37:13:39:Infinity":0,"s:41:33:106:Infinity":1,"f:41:33:41:34":0,"s:50:26:61:Infinity":2,"f:50:26:50:64":1,"s:51:4:60:Infinity":3,"s:52:23:55:Infinity":4,"s:56:6:56:Infinity":5,"s:58:6:58:Infinity":6,"s:59:6:59:Infinity":7,"s:67:18:79:Infinity":8,"f:67:18:67:25":2,"s:68:4:78:Infinity":9,"s:69:6:74:Infinity":10,"s:76:6:76:Infinity":11,"s:77:6:77:Infinity":12,"s:85:22:97:Infinity":13,"f:85:22:85:29":3,"s:86:4:96:Infinity":14,"s:87:6:92:Infinity":15,"s:94:6:94:Infinity":16,"s:95:6:95:Infinity":17,"s:99:2:104:Infinity":18}}}
,"C:\\Users\\kevin\\Documents\\GitHub - CLONE FROM THIS FOLDER\\Maple-Street\\Garage-App\\src\\contexts\\StaffContext.tsx": {"path":"C:\\Users\\kevin\\Documents\\GitHub - CLONE FROM THIS FOLDER\\Maple-Street\\Garage-App\\src\\contexts\\StaffContext.tsx","statementMap":{"0":{"start":{"line":51,"column":13},"end":{"line":51,"column":null}},"1":{"start":{"line":53,"column":29},"end":{"line":139,"column":null}},"2":{"start":{"line":58,"column":26},"end":{"line":69,"column":null}},"3":{"start":{"line":59,"column":4},"end":{"line":68,"column":null}},"4":{"start":{"line":60,"column":23},"end":{"line":63,"column":null}},"5":{"start":{"line":64,"column":6},"end":{"line":64,"column":null}},"6":{"start":{"line":66,"column":6},"end":{"line":66,"column":null}},"7":{"start":{"line":67,"column":6},"end":{"line":67,"column":null}},"8":{"start":{"line":75,"column":28},"end":{"line":89,"column":null}},"9":{"start":{"line":78,"column":4},"end":{"line":88,"column":null}},"10":{"start":{"line":79,"column":23},"end":{"line":83,"column":null}},"11":{"start":{"line":84,"column":6},"end":{"line":84,"column":null}},"12":{"start":{"line":86,"column":6},"end":{"line":86,"column":null}},"13":{"start":{"line":87,"column":6},"end":{"line":87,"column":null}},"14":{"start":{"line":95,"column":22},"end":{"line":107,"column":null}},"15":{"start":{"line":96,"column":4},"end":{"line":106,"column":null}},"16":{"start":{"line":97,"column":6},"end":{"line":102,"column":null}},"17":{"start":{"line":104,"column":6},"end":{"line":104,"column":null}},"18":{"start":{"line":105,"column":6},"end":{"line":105,"column":null}},"19":{"start":{"line":113,"column":20},"end":{"line":125,"column":null}},"20":{"start":{"line":114,"column":4},"end":{"line":124,"column":null}},"21":{"start":{"line":115,"column":6},"end":{"line":120,"column":null}},"22":{"start":{"line":122,"column":6},"end":{"line":122,"column":null}},"23":{"start":{"line":123,"column":6},"end":{"line":123,"column":null}},"24":{"start":{"line":127,"column":2},"end":{"line":137,"column":null}}},"fnMap":{"0":{"name":"(anonymous_0)","decl":{"start":{"line":53,"column":29},"end":{"line":53,"column":30}},"loc":{"start":{"line":53,"column":78},"end":{"line":139,"column":null}},"line":53},"1":{"name":"(anonymous_1)","decl":{"start":{"line":58,"column":26},"end":{"line":58,"column":63}},"loc":{"start":{"line":58,"column":63},"end":{"line":69,"column":null}},"line":58},"2":{"name":"(anonymous_2)","decl":{"start":{"line":75,"column":28},"end":{"line":75,"column":null}},"loc":{"start":{"line":77,"column":29},"end":{"line":89,"column":null}},"line":77},"3":{"name":"(anonymous_3)","decl":{"start":{"line":95,"column":22},"end":{"line":95,"column":29}},"loc":{"start":{"line":95,"column":67},"end":{"line":107,"column":null}},"line":95},"4":{"name":"(anonymous_4)","decl":{"start":{"line":113,"column":20},"end":{"line":113,"column":27}},"loc":{"start":{"line":113,"column":70},"end":{"line":125,"column":null}},"line":113}},"branchMap":{},"s":{"0":2,"1":2,"2":0,"3":0,"4":0,"5":0,"6":0,"7":0,"8":0,"9":0,"10":0,"11":0,"12":0,"13":0,"14":0,"15":0,"16":0,"17":0,"18":0,"19":0,"20":0,"21":0,"22":0,"23":0,"24":0},"f":{"0":0,"1":0,"2":0,"3":0,"4":0},"b":{},"meta":{"lastBranch":0,"lastFunction":5,"lastStatement":25,"seen":{"s:51:13:51:Infinity":0,"s:53:29:139:Infinity":1,"f:53:29:53:30":0,"s:58:26:69:Infinity":2,"f:58:26:58:63":1,"s:59:4:68:Infinity":3,"s:60:23:63:Infinity":4,"s:64:6:64:Infinity":5,"s:66:6:66:Infinity":6,"s:67:6:67:Infinity":7,"s:75:28:89:Infinity":8,"f:75:28:75:Infinity":2,"s:78:4:88:Infinity":9,"s:79:23:83:Infinity":10,"s:84:6:84:Infinity":11,"s:86:6:86:Infinity":12,"s:87:6:87:Infinity":13,"s:95:22:107:Infinity":14,"f:95:22:95:29":3,"s:96:4:106:Infinity":15,"s:97:6:102:Infinity":16,"s:104:6:104:Infinity":17,"s:105:6:105:Infinity":18,"s:113:20:125:Infinity":19,"f:113:20:113:27":4,"s:114:4:124:Infinity":20,"s:115:6:120:Infinity":21,"s:122:6:122:Infinity":22,"s:123:6:123:Infinity":23,"s:127:2:137:Infinity":24}}}
,"C:\\Users\\kevin\\Documents\\GitHub - CLONE FROM THIS FOLDER\\Maple-Street\\Garage-App\\src\\hooks\\useBooking.ts": {"path":"C:\\Users\\kevin\\Documents\\GitHub - CLONE FROM THIS FOLDER\\Maple-Street\\Garage-App\\src\\hooks\\useBooking.ts","statementMap":{"0":{"start":{"line":8,"column":19},"end":{"line":14,"column":null}},"1":{"start":{"line":9,"column":8},"end":{"line":9,"column":null}},"2":{"start":{"line":10,"column":2},"end":{"line":12,"column":null}},"3":{"start":{"line":11,"column":4},"end":{"line":11,"column":null}},"4":{"start":{"line":13,"column":2},"end":{"line":13,"column":null}}},"fnMap":{"0":{"name":"(anonymous_0)","decl":{"start":{"line":8,"column":19},"end":{"line":8,"column":25}},"loc":{"start":{"line":8,"column":25},"end":{"line":14,"column":null}},"line":8}},"branchMap":{"0":{"loc":{"start":{"line":10,"column":2},"end":{"line":12,"column":null}},"type":"if","locations":[{"start":{"line":10,"column":2},"end":{"line":12,"column":null}},{"start":{},"end":{}}],"line":10}},"s":{"0":1,"1":3,"2":3,"3":2,"4":1},"f":{"0":3},"b":{"0":[2,1]},"meta":{"lastBranch":1,"lastFunction":1,"lastStatement":5,"seen":{"s:8:19:14:Infinity":0,"f:8:19:8:25":0,"s:9:8:9:Infinity":1,"b:10:2:12:Infinity:undefined:undefined:undefined:undefined":0,"s:10:2:12:Infinity":2,"s:11:4:11:Infinity":3,"s:13:2:13:Infinity":4}}}
,"C:\\Users\\kevin\\Documents\\GitHub - CLONE FROM THIS FOLDER\\Maple-Street\\Garage-App\\src\\hooks\\useCustomerInteraction.ts": {"path":"C:\\Users\\kevin\\Documents\\GitHub - CLONE FROM THIS FOLDER\\Maple-Street\\Garage-App\\src\\hooks\\useCustomerInteraction.ts","statementMap":{"0":{"start":{"line":4,"column":31},"end":{"line":14,"column":null}},"1":{"start":{"line":5,"column":8},"end":{"line":5,"column":null}},"2":{"start":{"line":7,"column":2},"end":{"line":11,"column":null}},"3":{"start":{"line":8,"column":4},"end":{"line":10,"column":null}},"4":{"start":{"line":13,"column":2},"end":{"line":13,"column":null}}},"fnMap":{"0":{"name":"(anonymous_0)","decl":{"start":{"line":4,"column":31},"end":{"line":4,"column":37}},"loc":{"start":{"line":4,"column":37},"end":{"line":14,"column":null}},"line":4}},"branchMap":{"0":{"loc":{"start":{"line":7,"column":2},"end":{"line":11,"column":null}},"type":"if","locations":[{"start":{"line":7,"column":2},"end":{"line":11,"column":null}},{"start":{},"end":{}}],"line":7}},"s":{"0":1,"1":3,"2":3,"3":2,"4":1},"f":{"0":3},"b":{"0":[2,1]},"meta":{"lastBranch":1,"lastFunction":1,"lastStatement":5,"seen":{"s:4:31:14:Infinity":0,"f:4:31:4:37":0,"s:5:8:5:Infinity":1,"b:7:2:11:Infinity:undefined:undefined:undefined:undefined":0,"s:7:2:11:Infinity":2,"s:8:4:10:Infinity":3,"s:13:2:13:Infinity":4}}}
,"C:\\Users\\kevin\\Documents\\GitHub - CLONE FROM THIS FOLDER\\Maple-Street\\Garage-App\\src\\hooks\\useInventory.ts": {"path":"C:\\Users\\kevin\\Documents\\GitHub - CLONE FROM THIS FOLDER\\Maple-Street\\Garage-App\\src\\hooks\\useInventory.ts","statementMap":{"0":{"start":{"line":8,"column":21},"end":{"line":14,"column":null}},"1":{"start":{"line":9,"column":8},"end":{"line":9,"column":null}},"2":{"start":{"line":10,"column":2},"end":{"line":12,"column":null}},"3":{"start":{"line":11,"column":4},"end":{"line":11,"column":null}},"4":{"start":{"line":13,"column":2},"end":{"line":13,"column":null}}},"fnMap":{"0":{"name":"(anonymous_0)","decl":{"start":{"line":8,"column":21},"end":{"line":8,"column":27}},"loc":{"start":{"line":8,"column":27},"end":{"line":14,"column":null}},"line":8}},"branchMap":{"0":{"loc":{"start":{"line":10,"column":2},"end":{"line":12,"column":null}},"type":"if","locations":[{"start":{"line":10,"column":2},"end":{"line":12,"column":null}},{"start":{},"end":{}}],"line":10}},"s":{"0":1,"1":3,"2":3,"3":2,"4":1},"f":{"0":3},"b":{"0":[2,1]},"meta":{"lastBranch":1,"lastFunction":1,"lastStatement":5,"seen":{"s:8:21:14:Infinity":0,"f:8:21:8:27":0,"s:9:8:9:Infinity":1,"b:10:2:12:Infinity:undefined:undefined:undefined:undefined":0,"s:10:2:12:Infinity":2,"s:11:4:11:Infinity":3,"s:13:2:13:Infinity":4}}}
,"C:\\Users\\kevin\\Documents\\GitHub - CLONE FROM THIS FOLDER\\Maple-Street\\Garage-App\\src\\hooks\\useStaff.ts": {"path":"C:\\Users\\kevin\\Documents\\GitHub - CLONE FROM THIS FOLDER\\Maple-Street\\Garage-App\\src\\hooks\\useStaff.ts","statementMap":{"0":{"start":{"line":8,"column":17},"end":{"line":14,"column":null}},"1":{"start":{"line":9,"column":8},"end":{"line":9,"column":null}},"2":{"start":{"line":10,"column":2},"end":{"line":12,"column":null}},"3":{"start":{"line":11,"column":4},"end":{"line":11,"column":null}},"4":{"start":{"line":13,"column":2},"end":{"line":13,"column":null}}},"fnMap":{"0":{"name":"(anonymous_0)","decl":{"start":{"line":8,"column":17},"end":{"line":8,"column":23}},"loc":{"start":{"line":8,"column":23},"end":{"line":14,"column":null}},"line":8}},"branchMap":{"0":{"loc":{"start":{"line":10,"column":2},"end":{"line":12,"column":null}},"type":"if","locations":[{"start":{"line":10,"column":2},"end":{"line":12,"column":null}},{"start":{},"end":{}}],"line":10}},"s":{"0":1,"1":3,"2":3,"3":2,"4":1},"f":{"0":3},"b":{"0":[2,1]},"meta":{"lastBranch":1,"lastFunction":1,"lastStatement":5,"seen":{"s:8:17:14:Infinity":0,"f:8:17:8:23":0,"s:9:8:9:Infinity":1,"b:10:2:12:Infinity:undefined:undefined:undefined:undefined":0,"s:10:2:12:Infinity":2,"s:11:4:11:Infinity":3,"s:13:2:13:Infinity":4}}}
,"C:\\Users\\kevin\\Documents\\GitHub - CLONE FROM THIS FOLDER\\Maple-Street\\Garage-App\\src\\pages\\CustomerPortal.tsx": {"path":"C:\\Users\\kevin\\Documents\\GitHub - CLONE FROM THIS FOLDER\\Maple-Street\\Garage-App\\src\\pages\\CustomerPortal.tsx","statementMap":{"0":{"start":{"line":3,"column":23},"end":{"line":129,"column":null}},"1":{"start":{"line":4,"column":8},"end":{"line":4,"column":null}},"2":{"start":{"line":6,"column":2},"end":{"line":127,"column":null}},"3":{"start":{"line":47,"column":27},"end":{"line":47,"column":null}},"4":{"start":{"line":48,"column":33},"end":{"line":48,"column":null}},"5":{"start":{"line":49,"column":33},"end":{"line":49,"column":null}},"6":{"start":{"line":84,"column":27},"end":{"line":84,"column":null}},"7":{"start":{"line":85,"column":33},"end":{"line":85,"column":null}},"8":{"start":{"line":86,"column":33},"end":{"line":86,"column":null}},"9":{"start":{"line":114,"column":27},"end":{"line":114,"column":null}}},"fnMap":{"0":{"name":"(anonymous_0)","decl":{"start":{"line":3,"column":23},"end":{"line":3,"column":29}},"loc":{"start":{"line":3,"column":29},"end":{"line":129,"column":null}},"line":3},"1":{"name":"(anonymous_1)","decl":{"start":{"line":47,"column":21},"end":{"line":47,"column":27}},"loc":{"start":{"line":47,"column":27},"end":{"line":47,"column":null}},"line":47},"2":{"name":"(anonymous_2)","decl":{"start":{"line":48,"column":26},"end":{"line":48,"column":27}},"loc":{"start":{"line":48,"column":33},"end":{"line":48,"column":null}},"line":48},"3":{"name":"(anonymous_3)","decl":{"start":{"line":49,"column":26},"end":{"line":49,"column":27}},"loc":{"start":{"line":49,"column":33},"end":{"line":49,"column":null}},"line":49},"4":{"name":"(anonymous_4)","decl":{"start":{"line":84,"column":21},"end":{"line":84,"column":27}},"loc":{"start":{"line":84,"column":27},"end":{"line":84,"column":null}},"line":84},"5":{"name":"(anonymous_5)","decl":{"start":{"line":85,"column":26},"end":{"line":85,"column":27}},"loc":{"start":{"line":85,"column":33},"end":{"line":85,"column":null}},"line":85},"6":{"name":"(anonymous_6)","decl":{"start":{"line":86,"column":26},"end":{"line":86,"column":27}},"loc":{"start":{"line":86,"column":33},"end":{"line":86,"column":null}},"line":86},"7":{"name":"(anonymous_7)","decl":{"start":{"line":114,"column":21},"end":{"line":114,"column":27}},"loc":{"start":{"line":114,"column":27},"end":{"line":114,"column":null}},"line":114}},"branchMap":{},"s":{"0":1,"1":4,"2":4,"3":1,"4":0,"5":0,"6":1,"7":0,"8":0,"9":1},"f":{"0":4,"1":1,"2":0,"3":0,"4":1,"5":0,"6":0,"7":1},"b":{},"meta":{"lastBranch":0,"lastFunction":8,"lastStatement":10,"seen":{"s:3:23:129:Infinity":0,"f:3:23:3:29":0,"s:4:8:4:Infinity":1,"s:6:2:127:Infinity":2,"f:47:21:47:27":1,"s:47:27:47:Infinity":3,"f:48:26:48:27":2,"s:48:33:48:Infinity":4,"f:49:26:49:27":3,"s:49:33:49:Infinity":5,"f:84:21:84:27":4,"s:84:27:84:Infinity":6,"f:85:26:85:27":5,"s:85:33:85:Infinity":7,"f:86:26:86:27":6,"s:86:33:86:Infinity":8,"f:114:21:114:27":7,"s:114:27:114:Infinity":9}}}
,"C:\\Users\\kevin\\Documents\\GitHub - CLONE FROM THIS FOLDER\\Maple-Street\\Garage-App\\src\\pages\\HomePage.tsx": {"path":"C:\\Users\\kevin\\Documents\\GitHub - CLONE FROM THIS FOLDER\\Maple-Street\\Garage-App\\src\\pages\\HomePage.tsx","statementMap":{"0":{"start":{"line":19,"column":18},"end":{"line":24,"column":null}},"1":{"start":{"line":26,"column":0},"end":{"line":26,"column":null}},"2":{"start":{"line":28,"column":17},"end":{"line":213,"column":null}},"3":{"start":{"line":29,"column":8},"end":{"line":29,"column":null}},"4":{"start":{"line":31,"column":19},"end":{"line":38,"column":null}},"5":{"start":{"line":40,"column":2},"end":{"line":211,"column":null}},"6":{"start":{"line":78,"column":29},"end":{"line":78,"column":null}},"7":{"start":{"line":95,"column":16},"end":{"line":103,"column":null}},"8":{"start":{"line":95,"column":212},"end":{"line":95,"column":266}},"9":{"start":{"line":95,"column":287},"end":{"line":95,"column":null}},"10":{"start":{"line":122,"column":16},"end":{"line":128,"column":null}}},"fnMap":{"0":{"name":"(anonymous_0)","decl":{"start":{"line":28,"column":17},"end":{"line":28,"column":23}},"loc":{"start":{"line":28,"column":23},"end":{"line":213,"column":null}},"line":28},"1":{"name":"(anonymous_1)","decl":{"start":{"line":78,"column":23},"end":{"line":78,"column":29}},"loc":{"start":{"line":78,"column":29},"end":{"line":78,"column":null}},"line":78},"2":{"name":"(anonymous_2)","decl":{"start":{"line":94,"column":28},"end":{"line":94,"column":29}},"loc":{"start":{"line":95,"column":16},"end":{"line":103,"column":null}},"line":95},"3":{"name":"(anonymous_3)","decl":{"start":{"line":95,"column":205},"end":{"line":95,"column":206}},"loc":{"start":{"line":95,"column":212},"end":{"line":95,"column":266}},"line":95},"4":{"name":"(anonymous_4)","decl":{"start":{"line":95,"column":280},"end":{"line":95,"column":281}},"loc":{"start":{"line":95,"column":287},"end":{"line":95,"column":null}},"line":95},"5":{"name":"(anonymous_5)","decl":{"start":{"line":121,"column":20},"end":{"line":121,"column":21}},"loc":{"start":{"line":122,"column":16},"end":{"line":128,"column":null}},"line":122}},"branchMap":{},"s":{"0":1,"1":1,"2":1,"3":6,"4":6,"5":6,"6":1,"7":36,"8":0,"9":0,"10":24},"f":{"0":6,"1":1,"2":36,"3":0,"4":0,"5":24},"b":{},"meta":{"lastBranch":0,"lastFunction":6,"lastStatement":11,"seen":{"s:19:18:24:Infinity":0,"s:26:0:26:Infinity":1,"s:28:17:213:Infinity":2,"f:28:17:28:23":0,"s:29:8:29:Infinity":3,"s:31:19:38:Infinity":4,"s:40:2:211:Infinity":5,"f:78:23:78:29":1,"s:78:29:78:Infinity":6,"f:94:28:94:29":2,"s:95:16:103:Infinity":7,"f:95:205:95:206":3,"s:95:212:95:266":8,"f:95:280:95:281":4,"s:95:287:95:Infinity":9,"f:121:20:121:21":5,"s:122:16:128:Infinity":10}}}
,"C:\\Users\\kevin\\Documents\\GitHub - CLONE FROM THIS FOLDER\\Maple-Street\\Garage-App\\src\\pages\\StaffDashboard.tsx": {"path":"C:\\Users\\kevin\\Documents\\GitHub - CLONE FROM THIS FOLDER\\Maple-Street\\Garage-App\\src\\pages\\StaffDashboard.tsx","statementMap":{"0":{"start":{"line":11,"column":23},"end":{"line":222,"column":null}},"1":{"start":{"line":12,"column":8},"end":{"line":12,"column":null}},"2":{"start":{"line":13,"column":8},"end":{"line":13,"column":null}},"3":{"start":{"line":14,"column":8},"end":{"line":14,"column":null}},"4":{"start":{"line":16,"column":32},"end":{"line":16,"column":null}},"5":{"start":{"line":17,"column":32},"end":{"line":17,"column":null}},"6":{"start":{"line":18,"column":30},"end":{"line":18,"column":null}},"7":{"start":{"line":20,"column":2},"end":{"line":27,"column":null}},"8":{"start":{"line":21,"column":4},"end":{"line":23,"column":null}},"9":{"start":{"line":22,"column":6},"end":{"line":22,"column":null}},"10":{"start":{"line":24,"column":4},"end":{"line":26,"column":null}},"11":{"start":{"line":25,"column":6},"end":{"line":25,"column":null}},"12":{"start":{"line":29,"column":24},"end":{"line":134,"column":null}},"13":{"start":{"line":30,"column":4},"end":{"line":133,"column":null}},"14":{"start":{"line":32,"column":8},"end":{"line":53,"column":null}},"15":{"start":{"line":43,"column":40},"end":{"line":43,"column":62}},"16":{"start":{"line":49,"column":40},"end":{"line":49,"column":108}},"17":{"start":{"line":56,"column":8},"end":{"line":62,"column":null}},"18":{"start":{"line":65,"column":8},"end":{"line":68,"column":null}},"19":{"start":{"line":71,"column":8},"end":{"line":74,"column":null}},"20":{"start":{"line":77,"column":8},"end":{"line":83,"column":null}},"21":{"start":{"line":86,"column":8},"end":{"line":89,"column":null}},"22":{"start":{"line":92,"column":8},"end":{"line":129,"column":null}},"23":{"start":{"line":101,"column":18},"end":{"line":125,"column":null}},"24":{"start":{"line":109,"column":41},"end":{"line":109,"column":null}},"25":{"start":{"line":110,"column":41},"end":{"line":110,"column":null}},"26":{"start":{"line":132,"column":8},"end":{"line":132,"column":null}},"27":{"start":{"line":136,"column":2},"end":{"line":220,"column":null}},"28":{"start":{"line":158,"column":12},"end":{"line":187,"column":null}},"29":{"start":{"line":160,"column":29},"end":{"line":160,"column":null}},"30":{"start":{"line":174,"column":16},"end":{"line":177,"column":null}},"31":{"start":{"line":175,"column":18},"end":{"line":175,"column":null}},"32":{"start":{"line":176,"column":18},"end":{"line":176,"column":null}},"33":{"start":{"line":180,"column":16},"end":{"line":182,"column":null}},"34":{"start":{"line":181,"column":18},"end":{"line":181,"column":null}},"35":{"start":{"line":183,"column":16},"end":{"line":183,"column":null}},"36":{"start":{"line":199,"column":27},"end":{"line":199,"column":null}},"37":{"start":{"line":201,"column":14},"end":{"line":201,"column":null}},"38":{"start":{"line":202,"column":14},"end":{"line":202,"column":null}},"39":{"start":{"line":203,"column":14},"end":{"line":203,"column":null}},"40":{"start":{"line":206,"column":14},"end":{"line":206,"column":null}},"41":{"start":{"line":207,"column":14},"end":{"line":207,"column":null}},"42":{"start":{"line":208,"column":14},"end":{"line":208,"column":null}}},"fnMap":{"0":{"name":"(anonymous_0)","decl":{"start":{"line":11,"column":23},"end":{"line":11,"column":29}},"loc":{"start":{"line":11,"column":29},"end":{"line":222,"column":null}},"line":11},"1":{"name":"(anonymous_1)","decl":{"start":{"line":20,"column":12},"end":{"line":20,"column":18}},"loc":{"start":{"line":20,"column":18},"end":{"line":27,"column":5}},"line":20},"2":{"name":"(anonymous_2)","decl":{"start":{"line":29,"column":24},"end":{"line":29,"column":30}},"loc":{"start":{"line":29,"column":30},"end":{"line":134,"column":null}},"line":29},"3":{"name":"(anonymous_3)","decl":{"start":{"line":43,"column":35},"end":{"line":43,"column":40}},"loc":{"start":{"line":43,"column":40},"end":{"line":43,"column":62}},"line":43},"4":{"name":"(anonymous_4)","decl":{"start":{"line":49,"column":35},"end":{"line":49,"column":40}},"loc":{"start":{"line":49,"column":40},"end":{"line":49,"column":108}},"line":49},"5":{"name":"(anonymous_5)","decl":{"start":{"line":100,"column":142},"end":{"line":100,"column":143}},"loc":{"start":{"line":101,"column":18},"end":{"line":125,"column":null}},"line":101},"6":{"name":"(anonymous_6)","decl":{"start":{"line":109,"column":34},"end":{"line":109,"column":35}},"loc":{"start":{"line":109,"column":41},"end":{"line":109,"column":null}},"line":109},"7":{"name":"(anonymous_7)","decl":{"start":{"line":110,"column":34},"end":{"line":110,"column":35}},"loc":{"start":{"line":110,"column":41},"end":{"line":110,"column":null}},"line":110},"8":{"name":"(anonymous_8)","decl":{"start":{"line":157,"column":16},"end":{"line":157,"column":17}},"loc":{"start":{"line":158,"column":12},"end":{"line":187,"column":null}},"line":158},"9":{"name":"(anonymous_9)","decl":{"start":{"line":160,"column":23},"end":{"line":160,"column":29}},"loc":{"start":{"line":160,"column":29},"end":{"line":160,"column":null}},"line":160},"10":{"name":"(anonymous_10)","decl":{"start":{"line":173,"column":28},"end":{"line":173,"column":29}},"loc":{"start":{"line":173,"column":35},"end":{"line":178,"column":null}},"line":173},"11":{"name":"(anonymous_11)","decl":{"start":{"line":179,"column":28},"end":{"line":179,"column":29}},"loc":{"start":{"line":179,"column":35},"end":{"line":184,"column":null}},"line":179},"12":{"name":"(anonymous_12)","decl":{"start":{"line":199,"column":21},"end":{"line":199,"column":27}},"loc":{"start":{"line":199,"column":27},"end":{"line":199,"column":null}},"line":199},"13":{"name":"(anonymous_13)","decl":{"start":{"line":200,"column":26},"end":{"line":200,"column":27}},"loc":{"start":{"line":200,"column":33},"end":{"line":204,"column":null}},"line":200},"14":{"name":"(anonymous_14)","decl":{"start":{"line":205,"column":26},"end":{"line":205,"column":27}},"loc":{"start":{"line":205,"column":33},"end":{"line":209,"column":null}},"line":205}},"branchMap":{"0":{"loc":{"start":{"line":21,"column":4},"end":{"line":23,"column":null}},"type":"if","locations":[{"start":{"line":21,"column":4},"end":{"line":23,"column":null}},{"start":{},"end":{}}],"line":21},"1":{"loc":{"start":{"line":24,"column":4},"end":{"line":26,"column":null}},"type":"if","locations":[{"start":{"line":24,"column":4},"end":{"line":26,"column":null}},{"start":{},"end":{}}],"line":24},"2":{"loc":{"start":{"line":30,"column":4},"end":{"line":133,"column":null}},"type":"switch","locations":[{"start":{"line":31,"column":6},"end":{"line":53,"column":null}},{"start":{"line":55,"column":6},"end":{"line":62,"column":null}},{"start":{"line":64,"column":6},"end":{"line":68,"column":null}},{"start":{"line":70,"column":6},"end":{"line":74,"column":null}},{"start":{"line":76,"column":6},"end":{"line":83,"column":null}},{"start":{"line":85,"column":6},"end":{"line":89,"column":null}},{"start":{"line":91,"column":6},"end":{"line":129,"column":null}},{"start":{"line":131,"column":6},"end":{"line":132,"column":null}}],"line":30},"3":{"loc":{"start":{"line":165,"column":28},"end":{"line":165,"column":null}},"type":"cond-expr","locations":[{"start":{"line":165,"column":52},"end":{"line":165,"column":77}},{"start":{"line":165,"column":77},"end":{"line":165,"column":null}}],"line":165},"4":{"loc":{"start":{"line":166,"column":23},"end":{"line":166,"column":null}},"type":"cond-expr","locations":[{"start":{"line":166,"column":47},"end":{"line":166,"column":57}},{"start":{"line":166,"column":57},"end":{"line":166,"column":null}}],"line":166},"5":{"loc":{"start":{"line":174,"column":16},"end":{"line":177,"column":null}},"type":"if","locations":[{"start":{"line":174,"column":16},"end":{"line":177,"column":null}},{"start":{},"end":{}}],"line":174},"6":{"loc":{"start":{"line":180,"column":16},"end":{"line":182,"column":null}},"type":"if","locations":[{"start":{"line":180,"column":16},"end":{"line":182,"column":null}},{"start":{},"end":{}}],"line":180}},"s":{"0":1,"1":12,"2":12,"3":12,"4":12,"5":12,"6":12,"7":12,"8":3,"9":3,"10":3,"11":3,"12":12,"13":12,"14":6,"15":3,"16":3,"17":1,"18":1,"19":1,"20":1,"21":1,"22":1,"23":5,"24":0,"25":0,"26":0,"27":12,"28":84,"29":6,"30":0,"31":0,"32":0,"33":0,"34":0,"35":0,"36":1,"37":0,"38":0,"39":0,"40":0,"41":0,"42":0},"f":{"0":12,"1":3,"2":12,"3":3,"4":3,"5":5,"6":0,"7":0,"8":84,"9":6,"10":0,"11":0,"12":1,"13":0,"14":0},"b":{"0":[3,0],"1":[3,0],"2":[6,1,1,1,1,1,1,0],"3":[12,72],"4":[12,72],"5":[0,0],"6":[0,0]},"meta":{"lastBranch":7,"lastFunction":15,"lastStatement":43,"seen":{"s:11:23:222:Infinity":0,"f:11:23:11:29":0,"s:12:8:12:Infinity":1,"s:13:8:13:Infinity":2,"s:14:8:14:Infinity":3,"s:16:32:16:Infinity":4,"s:17:32:17:Infinity":5,"s:18:30:18:Infinity":6,"s:20:2:27:Infinity":7,"f:20:12:20:18":1,"b:21:4:23:Infinity:undefined:undefined:undefined:undefined":0,"s:21:4:23:Infinity":8,"s:22:6:22:Infinity":9,"b:24:4:26:Infinity:undefined:undefined:undefined:undefined":1,"s:24:4:26:Infinity":10,"s:25:6:25:Infinity":11,"s:29:24:134:Infinity":12,"f:29:24:29:30":2,"b:31:6:53:Infinity:55:6:62:Infinity:64:6:68:Infinity:70:6:74:Infinity:76:6:83:Infinity:85:6:89:Infinity:91:6:129:Infinity:131:6:132:Infinity":2,"s:30:4:133:Infinity":13,"s:32:8:53:Infinity":14,"f:43:35:43:40":3,"s:43:40:43:62":15,"f:49:35:49:40":4,"s:49:40:49:108":16,"s:56:8:62:Infinity":17,"s:65:8:68:Infinity":18,"s:71:8:74:Infinity":19,"s:77:8:83:Infinity":20,"s:86:8:89:Infinity":21,"s:92:8:129:Infinity":22,"f:100:142:100:143":5,"s:101:18:125:Infinity":23,"f:109:34:109:35":6,"s:109:41:109:Infinity":24,"f:110:34:110:35":7,"s:110:41:110:Infinity":25,"s:132:8:132:Infinity":26,"s:136:2:220:Infinity":27,"f:157:16:157:17":8,"s:158:12:187:Infinity":28,"f:160:23:160:29":9,"s:160:29:160:Infinity":29,"b:165:52:165:77:165:77:165:Infinity":3,"b:166:47:166:57:166:57:166:Infinity":4,"f:173:28:173:29":10,"b:174:16:177:Infinity:undefined:undefined:undefined:undefined":5,"s:174:16:177:Infinity":30,"s:175:18:175:Infinity":31,"s:176:18:176:Infinity":32,"f:179:28:179:29":11,"b:180:16:182:Infinity:undefined:undefined:undefined:undefined":6,"s:180:16:182:Infinity":33,"s:181:18:181:Infinity":34,"s:183:16:183:Infinity":35,"f:199:21:199:27":12,"s:199:27:199:Infinity":36,"f:200:26:200:27":13,"s:201:14:201:Infinity":37,"s:202:14:202:Infinity":38,"s:203:14:203:Infinity":39,"f:205:26:205:27":14,"s:206:14:206:Infinity":40,"s:207:14:207:Infinity":41,"s:208:14:208:Infinity":42}}}
,"C:\\Users\\kevin\\Documents\\GitHub - CLONE FROM THIS FOLDER\\Maple-Street\\Garage-App\\src\\pages\\StaffLogin.tsx": {"path":"C:\\Users\\kevin\\Documents\\GitHub - CLONE FROM THIS FOLDER\\Maple-Street\\Garage-App\\src\\pages\\StaffLogin.tsx","statementMap":{"0":{"start":{"line":4,"column":19},"end":{"line":85,"column":null}},"1":{"start":{"line":5,"column":10},"end":{"line":5,"column":null}},"2":{"start":{"line":6,"column":32},"end":{"line":6,"column":null}},"3":{"start":{"line":7,"column":32},"end":{"line":7,"column":null}},"4":{"start":{"line":8,"column":26},"end":{"line":8,"column":null}},"5":{"start":{"line":10,"column":24},"end":{"line":17,"column":null}},"6":{"start":{"line":11,"column":8},"end":{"line":11,"column":null}},"7":{"start":{"line":12,"column":8},"end":{"line":16,"column":null}},"8":{"start":{"line":13,"column":12},"end":{"line":13,"column":null}},"9":{"start":{"line":15,"column":12},"end":{"line":15,"column":null}},"10":{"start":{"line":19,"column":4},"end":{"line":83,"column":null}},"11":{"start":{"line":36,"column":45},"end":{"line":36,"column":null}},"12":{"start":{"line":53,"column":45},"end":{"line":53,"column":null}},"13":{"start":{"line":70,"column":35},"end":{"line":70,"column":null}}},"fnMap":{"0":{"name":"(anonymous_0)","decl":{"start":{"line":4,"column":19},"end":{"line":4,"column":25}},"loc":{"start":{"line":4,"column":25},"end":{"line":85,"column":null}},"line":4},"1":{"name":"(anonymous_1)","decl":{"start":{"line":10,"column":24},"end":{"line":10,"column":25}},"loc":{"start":{"line":10,"column":48},"end":{"line":17,"column":null}},"line":10},"2":{"name":"(anonymous_2)","decl":{"start":{"line":36,"column":38},"end":{"line":36,"column":39}},"loc":{"start":{"line":36,"column":45},"end":{"line":36,"column":null}},"line":36},"3":{"name":"(anonymous_3)","decl":{"start":{"line":53,"column":38},"end":{"line":53,"column":39}},"loc":{"start":{"line":53,"column":45},"end":{"line":53,"column":null}},"line":53},"4":{"name":"(anonymous_4)","decl":{"start":{"line":70,"column":29},"end":{"line":70,"column":35}},"loc":{"start":{"line":70,"column":35},"end":{"line":70,"column":null}},"line":70}},"branchMap":{"0":{"loc":{"start":{"line":12,"column":8},"end":{"line":16,"column":null}},"type":"if","locations":[{"start":{"line":12,"column":8},"end":{"line":16,"column":null}},{"start":{"line":14,"column":15},"end":{"line":16,"column":null}}],"line":12},"1":{"loc":{"start":{"line":12,"column":12},"end":{"line":12,"column":57}},"type":"binary-expr","locations":[{"start":{"line":12,"column":12},"end":{"line":12,"column":35}},{"start":{"line":12,"column":35},"end":{"line":12,"column":57}}],"line":12},"2":{"loc":{"start":{"line":64,"column":21},"end":{"line":64,"column":null}},"type":"binary-expr","locations":[{"start":{"line":64,"column":21},"end":{"line":64,"column":30}},{"start":{"line":64,"column":30},"end":{"line":64,"column":null}}],"line":64}},"s":{"0":1,"1":9,"2":9,"3":9,"4":9,"5":9,"6":2,"7":2,"8":1,"9":1,"10":9,"11":2,"12":2,"13":1},"f":{"0":9,"1":2,"2":2,"3":2,"4":1},"b":{"0":[1,1],"1":[2,1],"2":[9,1]},"meta":{"lastBranch":3,"lastFunction":5,"lastStatement":14,"seen":{"s:4:19:85:Infinity":0,"f:4:19:4:25":0,"s:5:10:5:Infinity":1,"s:6:32:6:Infinity":2,"s:7:32:7:Infinity":3,"s:8:26:8:Infinity":4,"s:10:24:17:Infinity":5,"f:10:24:10:25":1,"s:11:8:11:Infinity":6,"b:12:8:16:Infinity:14:15:16:Infinity":0,"s:12:8:16:Infinity":7,"b:12:12:12:35:12:35:12:57":1,"s:13:12:13:Infinity":8,"s:15:12:15:Infinity":9,"s:19:4:83:Infinity":10,"f:36:38:36:39":2,"s:36:45:36:Infinity":11,"f:53:38:53:39":3,"s:53:45:53:Infinity":12,"b:64:21:64:30:64:30:64:Infinity":2,"f:70:29:70:35":4,"s:70:35:70:Infinity":13}}}
}
